[2022-05-03 16:41:55,051][root][INFO] - CFG's local_rank=-1
[2022-05-03 16:41:55,052][root][INFO] - Env WORLD_SIZE=None
[2022-05-03 16:41:55,118][root][INFO] - Initialized host 0a2957e6f60b as d.rank -1 on device=cuda, n_gpu=1, world size=1
[2022-05-03 16:41:55,119][root][INFO] - 16-bits training: False 
[2022-05-03 16:41:55,127][root][INFO] - CFG (after gpu  configuration):
[2022-05-03 16:41:55,139][root][INFO] - encoder:
  encoder_model_type: hf_bert
  pretrained_model_cfg: bert-large-uncased
  pretrained_file: null
  projection_dim: 0
  sequence_length: 256
  dropout: 0.1
  fix_ctx_encoder: false
  pretrained: true
train:
  batch_size: 1
  dev_batch_size: 16
  adam_eps: 1.0e-08
  adam_betas: (0.9, 0.999)
  max_grad_norm: 2.0
  log_batch_step: 1
  train_rolling_loss_step: 100
  weight_decay: 0.0
  learning_rate: 2.0e-05
  warmup_steps: 1237
  gradient_accumulation_steps: 1
  num_train_epochs: 40
  eval_per_epoch: 1
  hard_negatives: 1
  other_negatives: 0
  val_av_rank_hard_neg: 30
  val_av_rank_other_neg: 30
  val_av_rank_bsz: 128
  val_av_rank_max_qs: 10000
datasets:
  nq_train:
    _target_: dpr.data.biencoder_data.JsonQADataset
    file: data.retriever.nq-train
  nq_train_hn1:
    _target_: dpr.data.biencoder_data.JsonQADataset
    file: data.retriever.nq-adv-hn-train
  nq_dev:
    _target_: dpr.data.biencoder_data.JsonQADataset
    file: data.retriever.nq-dev
  trivia_train:
    _target_: dpr.data.biencoder_data.JsonQADataset
    file: data.retriever.trivia-train
  trivia_dev:
    _target_: dpr.data.biencoder_data.JsonQADataset
    file: data.retriever.trivia-dev
  squad1_train:
    _target_: dpr.data.biencoder_data.JsonQADataset
    file: data.retriever.squad1-train
  squad1_dev:
    _target_: dpr.data.biencoder_data.JsonQADataset
    file: data.retriever.squad1-dev
  webq_train:
    _target_: dpr.data.biencoder_data.JsonQADataset
    file: data.retriever.webq-train
  webq_dev:
    _target_: dpr.data.biencoder_data.JsonQADataset
    file: data.retriever.webq-dev
  curatedtrec_train:
    _target_: dpr.data.biencoder_data.JsonQADataset
    file: data.retriever.curatedtrec-train
  curatedtrec_dev:
    _target_: dpr.data.biencoder_data.JsonQADataset
    file: data.retriever.curatedtrec-dev
  mdd_token_train:
    _target_: dpr.data.biencoder_data.JsonQADataset
    file: mdd_dpr/token/dpr.multidoc2dial_all.token.train.json
  mdd_token_dev:
    _target_: dpr.data.biencoder_data.JsonQADataset
    file: mdd_dpr/token/dpr.multidoc2dial_all.token.dev.json
  mdd_structure_train:
    _target_: dpr.data.biencoder_data.JsonQADataset
    file: mdd_dpr/structure/dpr.multidoc2dial_all.structure.train.json
  mdd_structure_dev:
    _target_: dpr.data.biencoder_data.JsonQADataset
    file: mdd_dpr/structure/dpr.multidoc2dial_all.structure.dev.json
train_datasets:
- mdd_structure_train
dev_datasets:
- mdd_structure_dev
output_dir: output_dir/structure/context_encoder
train_sampling_rates: null
loss_scale_factors: null
do_lower_case: true
val_av_rank_start_epoch: 30
seed: 12345
checkpoint_file_name: dpr_biencoder
model_file: /ctx_encoder/pytorch_model.bin
local_rank: -1
global_loss_buf_sz: 592000
device: cuda
distributed_world_size: 1
distributed_port: null
distributed_init_method: null
no_cuda: false
n_gpu: 1
fp16: false
fp16_opt_level: O1
special_tokens: null
ignore_checkpoint_offset: false
ignore_checkpoint_optimizer: false
ignore_checkpoint_lr: false
multi_q_encoder: false
local_shards_dataloader: false

[2022-05-03 16:41:55,139][root][INFO] - ***** Initializing components for training *****
[2022-05-03 16:41:55,141][root][INFO] - Checkpoint files []
[2022-05-03 16:41:58,736][numexpr.utils][INFO] - NumExpr defaulting to 2 threads.
[2022-05-03 16:41:59,207][dpr.models.hf_models][INFO] - Initializing HF BERT Encoder. cfg_name=bert-large-uncased
[2022-05-03 16:42:33,733][dpr.models.hf_models][INFO] - Initializing HF BERT Encoder. cfg_name=bert-large-uncased
[2022-05-03 16:43:51,361][dpr.utils.conf_utils][INFO] - train_datasets: ['mdd_structure_train']
[2022-05-03 16:43:51,364][dpr.utils.conf_utils][INFO] - dev_datasets: ['mdd_structure_dev']
[2022-05-03 16:43:51,365][root][INFO] - Initializing task/set data ['mdd_structure_train']
[2022-05-03 16:43:51,366][root][INFO] - Calculating shard positions
[2022-05-03 16:43:51,366][dpr.data.biencoder_data][INFO] - Loading all data
[2022-05-03 16:43:51,374][dpr.data.download_data][INFO] - matched by prefix resources: []
[2022-05-03 16:43:51,374][dpr.data.download_data][INFO] - no resources found for specified key
[2022-05-03 16:43:51,374][dpr.data.biencoder_data][INFO] - Data files: []
[2022-05-03 16:43:51,375][dpr.data.biencoder_data][INFO] - Total cleaned data size: 0
[2022-05-03 16:43:51,375][root][INFO] - samples_per_shard=0, shard_start_idx=0, shard_end_idx=0, max_iterations=0
[2022-05-03 16:43:51,376][dpr.data.download_data][INFO] - matched by prefix resources: []
[2022-05-03 16:43:51,376][dpr.data.download_data][INFO] - no resources found for specified key
[2022-05-03 16:43:51,376][dpr.data.biencoder_data][INFO] - Data files: []
[2022-05-03 16:43:51,376][dpr.data.biencoder_data][INFO] - Total cleaned data size: 0
[2022-05-03 16:43:51,376][root][INFO] - Sharded dataset data 0
[2022-05-03 16:43:51,377][root][INFO] - rank=-1; Multi set data sizes [0]
[2022-05-03 16:43:51,377][root][INFO] - rank=-1; Multi set total data 0
[2022-05-03 16:43:51,377][root][INFO] - rank=-1; Multi set sampling_rates None
[2022-05-03 16:43:51,377][root][INFO] - rank=-1; Multi set max_iterations per dataset [0]
[2022-05-03 16:43:51,378][root][INFO] - rank=-1; Multi set max_iterations 0
[2022-05-03 16:43:51,378][root][INFO] -   Total iterations per epoch=0
[2022-05-03 16:43:51,378][root][WARNING] - No data found for training.
